<?xml version="1.0" encoding="UTF-8" standalone="no"?>
<testsuites>
  <testsuite name="DevOps Config.Config Validations" time="15.03" tests="3" failures="1">
    <testcase decision="non_compliant" className="DevOps Config.Config Validations" name="noClearSensitiveData" time="5.00">
      <failure message="value of noClearSensitiveData-password-KO1 is not encrypted" name="Validate Config">
{
  &quot;impacted_node.name&quot;:&quot;noClearSensitiveData-password-KO1&quot;,
  &quot;node_path&quot;:&quot;/keka-test-app/deployables/Test/release-1.0/testData/testData.json/testNoClearSensitiveData/noClearSensitiveData-password-KO1&quot;
}
      </failure>
    </testcase>
    <testcase className="keka-test-app/Test-v8.dpl" name="noClearSensitiveData2" time="5.00">
      <failure message="value of noClearSensitiveData-secret-KO3 is not encrypted">
{
  &quot;impacted_node.name&quot;:&quot;noClearSensitiveData-secret-KO3&quot;,
  &quot;node_path&quot;:&quot;/keka-test-app/deployables/Test/release-1.0/testData/testData.json/testNoClearSensitiveData/noClearSensitiveData-secret-KO3&quot;
}
      </failure>
    </testcase>
    <testcase name="noClearSensitiveData3" time="5.03">      
      <failure message="value of noClearSensitiveData-pwd-KO2 is not encrypted">
{
  &quot;impacted_node.name&quot;:&quot;noClearSensitiveData-pwd-KO2&quot;,
  &quot;node_path&quot;:&quot;/keka-test-app/deployables/Test/release-1.0/testData/testData.json/testNoClearSensitiveData/noClearSensitiveData-pwd-KO2&quot;
}
      </failure>
    </testcase>
    <testcase decision="non_compliant" name="unresolvedVariables">
      <failure message="{&quot;impacted_node.name&quot;:&quot;dbUserName&quot;,&quot;node_path&quot;:&quot;/keka-test-app/deployables/Test/release-1.0/testData/values.yml/mongo/dbUserName&quot;} | {&quot;impacted_node.name&quot;:&quot;dbPassword&quot;,&quot;node_path&quot;:&quot;/keka-test-app/deployables/Test/release-1.0/testData/values.yml/mongo/dbPassword&quot;} | ">unresolved variable detected for dbUserName | @@dbUserName@@| unresolved variable detected for dbPassword | @@dbPassword@@| </failure>
    </testcase>
    <testcase decision="compliant" name="noHTTP"/>
  </testsuite>
</testsuites>
